<?xml version="1.0" encoding="UTF-8"?>
<testsuite xmlns:xsi="http://www.w3.org/2001/XMLSchema-instance" xsi:noNamespaceSchemaLocation="https://maven.apache.org/surefire/maven-surefire-plugin/xsd/surefire-test-report.xsd" version="3.0.2" name="uk.ac.ed.ilp.ApiControllerTests" time="1.323" tests="33" errors="0" skipped="0" failures="0">
  <properties>
[...]
</properties>
  <testcase name="health_returnsUpStatus" classname="uk.ac.ed.ilp.ApiControllerTests" time="0.081">
    <system-out><![CDATA[2025-10-19T16:28:14.508+01:00  INFO 47639 --- [IlpTutorial_1] [           main] t.c.s.AnnotationConfigContextLoaderUtils : Could not detect default configuration classes for test class [uk.ac.ed.ilp.ApiControllerTests]: ApiControllerTests does not declare any static, non-private, non-final, nested classes annotated with @Configuration.
2025-10-19T16:28:14.512+01:00  INFO 47639 --- [IlpTutorial_1] [           main] .b.t.c.SpringBootTestContextBootstrapper : Found @SpringBootConfiguration uk.ac.ed.ilp.IlpApplication for test class uk.ac.ed.ilp.ApiControllerTests

  .   ____          _            __ _ _
 /\\ / ___'_ __ _ _(_)_ __  __ _ \ \ \ \
( ( )\___ | '_ | '_| | '_ \/ _` | \ \ \ \
 \\/  ___)| |_)| | | | | || (_| |  ) ) ) )
  '  |____| .__|_| |_|_| |_\__, | / / / /
 =========|_|==============|___/=/_/_/_/

 :: Spring Boot ::                (v3.4.3)

2025-10-19T16:28:14.536+01:00  INFO 47639 --- [IlpTutorial_1] [           main] uk.ac.ed.ilp.ApiControllerTests          : Starting ApiControllerTests using Java 23.0.2 with PID 47639 (started by agamcohen in /Users/agamcohen/Desktop/ilp_submission_1)
2025-10-19T16:28:14.537+01:00  INFO 47639 --- [IlpTutorial_1] [           main] uk.ac.ed.ilp.ApiControllerTests          : No active profile set, falling back to 1 default profile: "default"
2025-10-19T16:28:15.021+01:00  INFO 47639 --- [IlpTutorial_1] [           main] o.s.b.w.embedded.tomcat.TomcatWebServer  : Tomcat initialized with port 0 (http)
2025-10-19T16:28:15.029+01:00  INFO 47639 --- [IlpTutorial_1] [           main] o.apache.catalina.core.StandardService   : Starting service [Tomcat]
2025-10-19T16:28:15.029+01:00  INFO 47639 --- [IlpTutorial_1] [           main] o.apache.catalina.core.StandardEngine    : Starting Servlet engine: [Apache Tomcat/10.1.36]
2025-10-19T16:28:15.049+01:00  INFO 47639 --- [IlpTutorial_1] [           main] o.a.c.c.C.[Tomcat].[localhost].[/]       : Initializing Spring embedded WebApplicationContext
2025-10-19T16:28:15.049+01:00  INFO 47639 --- [IlpTutorial_1] [           main] w.s.c.ServletWebServerApplicationContext : Root WebApplicationContext: initialization completed in 511 ms
2025-10-19T16:28:15.442+01:00  INFO 47639 --- [IlpTutorial_1] [           main] o.s.b.a.e.web.EndpointLinksResolver      : Exposing 3 endpoints beneath base path '/actuator'
2025-10-19T16:28:15.549+01:00  INFO 47639 --- [IlpTutorial_1] [           main] o.s.b.w.embedded.tomcat.TomcatWebServer  : Tomcat started on port 57000 (http) with context path '/'
2025-10-19T16:28:15.557+01:00  INFO 47639 --- [IlpTutorial_1] [           main] uk.ac.ed.ilp.ApiControllerTests          : Started ApiControllerTests in 1.043 seconds (process running for 3.539)
2025-10-19T16:28:15.657+01:00  INFO 47639 --- [IlpTutorial_1] [o-auto-1-exec-1] o.a.c.c.C.[Tomcat].[localhost].[/]       : Initializing Spring DispatcherServlet 'dispatcherServlet'
2025-10-19T16:28:15.657+01:00  INFO 47639 --- [IlpTutorial_1] [o-auto-1-exec-1] o.s.web.servlet.DispatcherServlet        : Initializing Servlet 'dispatcherServlet'
2025-10-19T16:28:15.658+01:00  INFO 47639 --- [IlpTutorial_1] [o-auto-1-exec-1] o.s.web.servlet.DispatcherServlet        : Completed initialization in 1 ms
]]></system-out>
  </testcase>
  <testcase name="allEndpoints_handleEmptyRequestBody" classname="uk.ac.ed.ilp.ApiControllerTests" time="0.019"/>
  <testcase name="distanceTo_returns400_forNullRequestBody" classname="uk.ac.ed.ilp.ApiControllerTests" time="0.004"/>
  <testcase name="isInRegion_returns400_whenPolygonNotClosed" classname="uk.ac.ed.ilp.ApiControllerTests" time="0.006"/>
  <testcase name="nextPosition_returns400_forInvalidCoordinates" classname="uk.ac.ed.ilp.ApiControllerTests" time="0.005"/>
  <testcase name="distanceTo_returnsCorrectDistance_forBoundaryCoordinates" classname="uk.ac.ed.ilp.ApiControllerTests" time="0.006"/>
  <testcase name="isInRegion_returns400_forNullVertices" classname="uk.ac.ed.ilp.ApiControllerTests" time="0.004"/>
  <testcase name="nextPosition_returns400_forAngleOffCompass" classname="uk.ac.ed.ilp.ApiControllerTests" time="0.004"/>
  <testcase name="distanceTo_returnsCorrectDistance_forVerySmallCoordinates" classname="uk.ac.ed.ilp.ApiControllerTests" time="0.004"/>
  <testcase name="nextPosition_returns400_forMissingAngle" classname="uk.ac.ed.ilp.ApiControllerTests" time="0.003"/>
  <testcase name="isInRegion_returns400_forEmptyVertices" classname="uk.ac.ed.ilp.ApiControllerTests" time="0.004"/>
  <testcase name="nextPosition_returnsExpectedPoint" classname="uk.ac.ed.ilp.ApiControllerTests" time="0.008"/>
  <testcase name="isCloseTo_returnsTrue_forExactlyThresholdDistance" classname="uk.ac.ed.ilp.ApiControllerTests" time="0.004"/>
  <testcase name="distanceTo_returnsZero_forIdenticalPoints" classname="uk.ac.ed.ilp.ApiControllerTests" time="0.003"/>
  <testcase name="isCloseTo_returnsTrueForNearbyPoints" classname="uk.ac.ed.ilp.ApiControllerTests" time="0.004"/>
  <testcase name="nextPosition_returnsCorrectPosition_forZeroAngle" classname="uk.ac.ed.ilp.ApiControllerTests" time="0.003"/>
  <testcase name="isInRegion_returnsTrue_whenPointInsideClosedPolygon" classname="uk.ac.ed.ilp.ApiControllerTests" time="0.003"/>
  <testcase name="isCloseTo_returnsFalse_forJustOverThreshold" classname="uk.ac.ed.ilp.ApiControllerTests" time="0.003"/>
  <testcase name="allEndpoints_handleMalformedJSON" classname="uk.ac.ed.ilp.ApiControllerTests" time="0.011"/>
  <testcase name="distanceTo_returns400_forInvalidCoordinates" classname="uk.ac.ed.ilp.ApiControllerTests" time="0.003"/>
  <testcase name="isInRegion_returns400_forInvalidPosition" classname="uk.ac.ed.ilp.ApiControllerTests" time="0.003"/>
  <testcase name="isCloseTo_returnsFalseForFarPoints" classname="uk.ac.ed.ilp.ApiControllerTests" time="0.003"/>
  <testcase name="isInRegion_returnsTrue_forPointOnBorder" classname="uk.ac.ed.ilp.ApiControllerTests" time="0.003"/>
  <testcase name="allEndpoints_handleNullRequestBody" classname="uk.ac.ed.ilp.ApiControllerTests" time="0.006"/>
  <testcase name="isCloseTo_returnsFalse_forPointsAtThreshold" classname="uk.ac.ed.ilp.ApiControllerTests" time="0.003"/>
  <testcase name="distanceTo_returnsEuclideanDistance" classname="uk.ac.ed.ilp.ApiControllerTests" time="0.002"/>
  <testcase name="isInRegion_returnsTrue_forPointOnEdge" classname="uk.ac.ed.ilp.ApiControllerTests" time="0.003"/>
  <testcase name="nextPosition_returnsCorrectPosition_forNegativeAngle" classname="uk.ac.ed.ilp.ApiControllerTests" time="0.003"/>
  <testcase name="isCloseTo_returnsTrue_forPointsVeryClose" classname="uk.ac.ed.ilp.ApiControllerTests" time="0.003"/>
  <testcase name="uid_returnsStudentId" classname="uk.ac.ed.ilp.ApiControllerTests" time="0.002"/>
  <testcase name="isInRegion_returnsFalse_forPointOutside" classname="uk.ac.ed.ilp.ApiControllerTests" time="0.002"/>
  <testcase name="isInRegion_returns400_forUnclosedPolygon" classname="uk.ac.ed.ilp.ApiControllerTests" time="0.002"/>
  <testcase name="nextPosition_returnsCorrectPosition_forLargeAngle" classname="uk.ac.ed.ilp.ApiControllerTests" time="0.003"/>
</testsuite>