<?xml version="1.0" encoding="UTF-8"?>
<testsuite xmlns:xsi="http://www.w3.org/2001/XMLSchema-instance" xsi:noNamespaceSchemaLocation="https://maven.apache.org/surefire/maven-surefire-plugin/xsd/surefire-test-report.xsd" version="3.0.2" name="uk.ac.ed.ilp.ApiControllerTests" time="2.155" tests="7" errors="0" skipped="0" failures="0">
  <properties>
[...]
</properties>
  <testcase name="isInRegion_returns400_whenPolygonNotClosed" classname="uk.ac.ed.ilp.ApiControllerTests" time="0.516">
    <system-out><![CDATA[17:17:53.744 [main] INFO org.springframework.test.context.support.AnnotationConfigContextLoaderUtils -- Could not detect default configuration classes for test class [uk.ac.ed.ilp.ApiControllerTests]: ApiControllerTests does not declare any static, non-private, non-final, nested classes annotated with @Configuration.
17:17:53.789 [main] INFO org.springframework.boot.test.context.SpringBootTestContextBootstrapper -- Found @SpringBootConfiguration uk.ac.ed.ilp.IlpApplication for test class uk.ac.ed.ilp.ApiControllerTests

  .   ____          _            __ _ _
 /\\ / ___'_ __ _ _(_)_ __  __ _ \ \ \ \
( ( )\___ | '_ | '_| | '_ \/ _` | \ \ \ \
 \\/  ___)| |_)| | | | | || (_| |  ) ) ) )
  '  |____| .__|_| |_|_| |_\__, | / / / /
 =========|_|==============|___/=/_/_/_/

 :: Spring Boot ::                (v3.4.3)

2025-10-18T17:17:53.956+01:00  INFO 3629 --- [IlpTutorial_1] [           main] uk.ac.ed.ilp.ApiControllerTests          : Starting ApiControllerTests using Java 23.0.2 with PID 3629 (started by agamcohen in /Users/agamcohen/Desktop/ilp_submission_1)
2025-10-18T17:17:53.957+01:00  INFO 3629 --- [IlpTutorial_1] [           main] uk.ac.ed.ilp.ApiControllerTests          : No active profile set, falling back to 1 default profile: "default"
2025-10-18T17:17:54.591+01:00  INFO 3629 --- [IlpTutorial_1] [           main] o.s.b.w.embedded.tomcat.TomcatWebServer  : Tomcat initialized with port 0 (http)
2025-10-18T17:17:54.597+01:00  INFO 3629 --- [IlpTutorial_1] [           main] o.apache.catalina.core.StandardService   : Starting service [Tomcat]
2025-10-18T17:17:54.597+01:00  INFO 3629 --- [IlpTutorial_1] [           main] o.apache.catalina.core.StandardEngine    : Starting Servlet engine: [Apache Tomcat/10.1.36]
2025-10-18T17:17:54.616+01:00  INFO 3629 --- [IlpTutorial_1] [           main] o.a.c.c.C.[Tomcat].[localhost].[/]       : Initializing Spring embedded WebApplicationContext
2025-10-18T17:17:54.617+01:00  INFO 3629 --- [IlpTutorial_1] [           main] w.s.c.ServletWebServerApplicationContext : Root WebApplicationContext: initialization completed in 651 ms
2025-10-18T17:17:55.104+01:00  INFO 3629 --- [IlpTutorial_1] [           main] o.s.b.a.e.web.EndpointLinksResolver      : Exposing 3 endpoints beneath base path '/actuator'
2025-10-18T17:17:55.210+01:00  INFO 3629 --- [IlpTutorial_1] [           main] o.s.b.w.embedded.tomcat.TomcatWebServer  : Tomcat started on port 61154 (http) with context path '/'
2025-10-18T17:17:55.227+01:00  INFO 3629 --- [IlpTutorial_1] [           main] uk.ac.ed.ilp.ApiControllerTests          : Started ApiControllerTests in 1.386 seconds (process running for 1.781)
2025-10-18T17:17:55.714+01:00  INFO 3629 --- [IlpTutorial_1] [o-auto-1-exec-1] o.a.c.c.C.[Tomcat].[localhost].[/]       : Initializing Spring DispatcherServlet 'dispatcherServlet'
2025-10-18T17:17:55.714+01:00  INFO 3629 --- [IlpTutorial_1] [o-auto-1-exec-1] o.s.web.servlet.DispatcherServlet        : Initializing Servlet 'dispatcherServlet'
2025-10-18T17:17:55.714+01:00  INFO 3629 --- [IlpTutorial_1] [o-auto-1-exec-1] o.s.web.servlet.DispatcherServlet        : Completed initialization in 0 ms
]]></system-out>
    <system-err><![CDATA[Mockito is currently self-attaching to enable the inline-mock-maker. This will no longer work in future releases of the JDK. Please add Mockito as an agent to your build what is described in Mockito's documentation: https://javadoc.io/doc/org.mockito/mockito-core/latest/org/mockito/Mockito.html#0.3
WARNING: A Java agent has been loaded dynamically (/Users/agamcohen/.m2/repository/net/bytebuddy/byte-buddy-agent/1.15.11/byte-buddy-agent-1.15.11.jar)
WARNING: If a serviceability tool is in use, please run with -XX:+EnableDynamicAgentLoading to hide this warning
WARNING: If a serviceability tool is not in use, please run with -Djdk.instrument.traceUsage for more information
WARNING: Dynamic loading of agents will be disallowed by default in a future release
]]></system-err>
  </testcase>
  <testcase name="nextPosition_returnsExpectedPoint" classname="uk.ac.ed.ilp.ApiControllerTests" time="0.017"/>
  <testcase name="isCloseTo_returnsTrueForNearbyPoints" classname="uk.ac.ed.ilp.ApiControllerTests" time="0.006"/>
  <testcase name="isInRegion_returnsTrue_whenPointInsideClosedPolygon" classname="uk.ac.ed.ilp.ApiControllerTests" time="0.004"/>
  <testcase name="isCloseTo_returnsFalseForFarPoints" classname="uk.ac.ed.ilp.ApiControllerTests" time="0.004"/>
  <testcase name="distanceTo_returnsEuclideanDistance" classname="uk.ac.ed.ilp.ApiControllerTests" time="0.006"/>
  <testcase name="uid_returnsStudentId" classname="uk.ac.ed.ilp.ApiControllerTests" time="0.004"/>
</testsuite>